2025-10-08 16:54:05 debug: "eyJhbGciOiJIUzI1NiIsInR5cCI6IkpXVCJ9.eyJ1c2VySWQiOiJlZjVhYzA4Mi0wNmFlLTRiZTktYjZmOS1jZDFiNmQxZTkyMjAiLCJyb2xlIjoiQWRtaW4iLCJpYXQiOjE3NTk5MTcyNDUsImV4cCI6MTc1OTkyMDg0NX0.sTqrasOMwEUTOztgoCeknhD-ANmbx9Sl_vCP__f9NGc"
2025-10-08 16:54:05 debug: GET /api/admin/roles (search): %o
2025-10-08 16:54:05 debug: {
  "data": {
    "roles": [
      {
        "id": "79d61825-5db1-486f-bcaa-f8eabc6e74ca",
        "name": "Admin"
      },
      {
        "id": "9767bbc0-c82b-480b-b459-b8e0fda8d651",
        "name": "Direktur Keuangan"
      },
      {
        "id": "9d763cd2-c32c-41bb-83cb-6c87aa5148b1",
        "name": "Direktur Operasional"
      },
      {
        "id": "0c13227e-8fd3-46f4-bc38-6ce1a6e7db00",
        "name": "Direktur Utama"
      },
      {
        "id": "736af338-5619-4446-9aea-bc600482ed2f",
        "name": "General Affair"
      },
      {
        "id": "9ae60262-23d6-425b-8b9e-67617420b596",
        "name": "Kadiv Keuangan"
      },
      {
        "id": "e91fe452-fb01-4f41-95bf-74c33afe8732",
        "name": "Manajer Keuangan"
      },
      {
        "id": "3d0be22b-52ec-4cf7-a1af-adc3881f0810",
        "name": "Staff"
      },
      {
        "id": "3689a426-cfa4-4d3b-b206-431f602d520c",
        "name": "TEST-Role A"
      }
    ],
    "pagination": {
      "totalData": 9,
      "page": 1,
      "limit": 10,
      "totalPages": 1
    }
  }
}
2025-10-08 16:54:40 debug: "eyJhbGciOiJIUzI1NiIsInR5cCI6IkpXVCJ9.eyJ1c2VySWQiOiJiZDEyYTJlNi03NzY0LTQ3MGItOGRiNy1iYzc1MjViNGY0N2EiLCJyb2xlIjoiQWRtaW4iLCJpYXQiOjE3NTk5MTcyODAsImV4cCI6MTc1OTkyMDg4MH0.9B_18TyAIuakklnPBJLybhFvN0nqcZ3orOlYrWhzIDs"
2025-10-08 16:54:40 debug: GET /api/admin/roles (search): %o
2025-10-08 16:54:40 debug: {
  "data": {
    "roles": [
      {
        "id": "79d61825-5db1-486f-bcaa-f8eabc6e74ca",
        "name": "Admin"
      },
      {
        "id": "9767bbc0-c82b-480b-b459-b8e0fda8d651",
        "name": "Direktur Keuangan"
      },
      {
        "id": "9d763cd2-c32c-41bb-83cb-6c87aa5148b1",
        "name": "Direktur Operasional"
      },
      {
        "id": "0c13227e-8fd3-46f4-bc38-6ce1a6e7db00",
        "name": "Direktur Utama"
      },
      {
        "id": "736af338-5619-4446-9aea-bc600482ed2f",
        "name": "General Affair"
      },
      {
        "id": "9ae60262-23d6-425b-8b9e-67617420b596",
        "name": "Kadiv Keuangan"
      },
      {
        "id": "e91fe452-fb01-4f41-95bf-74c33afe8732",
        "name": "Manajer Keuangan"
      },
      {
        "id": "3d0be22b-52ec-4cf7-a1af-adc3881f0810",
        "name": "Staff"
      },
      {
        "id": "40c28dad-005c-4f64-986a-39c6505d6961",
        "name": "TEST-Role A"
      }
    ],
    "pagination": {
      "totalData": 9,
      "page": 1,
      "limit": 10,
      "totalPages": 1
    }
  }
}
